find: 'arch/*/oprofile': No such file or directory
find: 'arch/s390/*': No such file or directory
find: 'drivers/crypto/nx/*': No such file or directory
find: 'drivers/misc/cxl/*': No such file or directory
find: 'drivers/net/ethernet/ibm/*': No such file or directory
find: 'drivers/s390/*': No such file or directory
find: 'drivers/scsi/cxlflash/*': No such file or directory
find: 'drivers/scsi/ibmvscsi/*': No such file or directory
find: 'fs/configfs/*': No such file or directory
find: 'fs/ecryptfs/*': No such file or directory
find: 'fs/efivarfs/*': No such file or directory
find: 'fs/ext4/*': No such file or directory
find: 'fs/squashfs/*': No such file or directory
find: 'net/irda/*': No such file or directory
find: 'zfs/*': No such file or directory
Warning: Could not find /home/jesper/git/halodi/linux-build/linux-rt-devel/debian/linux-image-extra-4.14.52-rt34-halodi1-generic/lib/modules/4.14.52-rt34-halodi1-generic/kernel/arch/powerpc/kvm/kvm-hv.ko
Warning: Could not find /home/jesper/git/halodi/linux-build/linux-rt-devel/debian/linux-image-extra-4.14.52-rt34-halodi1-generic/lib/modules/4.14.52-rt34-halodi1-generic/kernel/arch/powerpc/kvm/kvm-pr.ko
Warning: Could not find /home/jesper/git/halodi/linux-build/linux-rt-devel/debian/linux-image-extra-4.14.52-rt34-halodi1-generic/lib/modules/4.14.52-rt34-halodi1-generic/kernel/arch/powerpc/kvm/vfio.ko
Warning: Could not find /home/jesper/git/halodi/linux-build/linux-rt-devel/debian/linux-image-extra-4.14.52-rt34-halodi1-generic/lib/modules/4.14.52-rt34-halodi1-generic/kernel/arch/powerpc/platforms/powernv/opal-prd.ko
Warning: Could not find /home/jesper/git/halodi/linux-build/linux-rt-devel/debian/linux-image-extra-4.14.52-rt34-halodi1-generic/lib/modules/4.14.52-rt34-halodi1-generic/kernel/drivers/ata/ata_generic.ko
Warning: Could not find /home/jesper/git/halodi/linux-build/linux-rt-devel/debian/linux-image-extra-4.14.52-rt34-halodi1-generic/lib/modules/4.14.52-rt34-halodi1-generic/kernel/drivers/block/brd.ko
Warning: Could not find /home/jesper/git/halodi/linux-build/linux-rt-devel/debian/linux-image-extra-4.14.52-rt34-halodi1-generic/lib/modules/4.14.52-rt34-halodi1-generic/kernel/drivers/block/loop.ko
Warning: Could not find /home/jesper/git/halodi/linux-build/linux-rt-devel/debian/linux-image-extra-4.14.52-rt34-halodi1-generic/lib/modules/4.14.52-rt34-halodi1-generic/kernel/drivers/block/xen-blkfront.ko
Warning: Could not find /home/jesper/git/halodi/linux-build/linux-rt-devel/debian/linux-image-extra-4.14.52-rt34-halodi1-generic/lib/modules/4.14.52-rt34-halodi1-generic/kernel/drivers/char/hw_random/powernv-rng.ko
Warning: Could not find /home/jesper/git/halodi/linux-build/linux-rt-devel/debian/linux-image-extra-4.14.52-rt34-halodi1-generic/lib/modules/4.14.52-rt34-halodi1-generic/kernel/drivers/char/virtio_console.ko
Warning: Could not find /home/jesper/git/halodi/linux-build/linux-rt-devel/debian/linux-image-extra-4.14.52-rt34-halodi1-generic/lib/modules/4.14.52-rt34-halodi1-generic/kernel/drivers/crypto/vmx/vmx-crypto.ko
Warning: Could not find /home/jesper/git/halodi/linux-build/linux-rt-devel/debian/linux-image-extra-4.14.52-rt34-halodi1-generic/lib/modules/4.14.52-rt34-halodi1-generic/kernel/drivers/hwmon/ibmpowernv.ko
Warning: Could not find /home/jesper/git/halodi/linux-build/linux-rt-devel/debian/linux-image-extra-4.14.52-rt34-halodi1-generic/lib/modules/4.14.52-rt34-halodi1-generic/kernel/drivers/infiniband/core/ib_addr.ko
Warning: Could not find /home/jesper/git/halodi/linux-build/linux-rt-devel/debian/linux-image-extra-4.14.52-rt34-halodi1-generic/lib/modules/4.14.52-rt34-halodi1-generic/kernel/drivers/infiniband/core/ib_mad.ko
Warning: Could not find /home/jesper/git/halodi/linux-build/linux-rt-devel/debian/linux-image-extra-4.14.52-rt34-halodi1-generic/lib/modules/4.14.52-rt34-halodi1-generic/kernel/drivers/infiniband/core/ib_sa.ko
Warning: Could not find /home/jesper/git/halodi/linux-build/linux-rt-devel/debian/linux-image-extra-4.14.52-rt34-halodi1-generic/lib/modules/4.14.52-rt34-halodi1-generic/kernel/drivers/leds/leds-powernv.ko
Warning: Could not find /home/jesper/git/halodi/linux-build/linux-rt-devel/debian/linux-image-extra-4.14.52-rt34-halodi1-generic/lib/modules/4.14.52-rt34-halodi1-generic/kernel/drivers/mtd/devices/powernv_flash.ko
Warning: Could not find /home/jesper/git/halodi/linux-build/linux-rt-devel/debian/linux-image-extra-4.14.52-rt34-halodi1-generic/lib/modules/4.14.52-rt34-halodi1-generic/kernel/drivers/mtd/ofpart.ko
Warning: Could not find /home/jesper/git/halodi/linux-build/linux-rt-devel/debian/linux-image-extra-4.14.52-rt34-halodi1-generic/lib/modules/4.14.52-rt34-halodi1-generic/kernel/drivers/net/xen-netfront.ko
Warning: Could not find /home/jesper/git/halodi/linux-build/linux-rt-devel/debian/linux-image-extra-4.14.52-rt34-halodi1-generic/lib/modules/4.14.52-rt34-halodi1-generic/kernel/drivers/nvmem/nvmem_core.ko
Warning: Could not find /home/jesper/git/halodi/linux-build/linux-rt-devel/debian/linux-image-extra-4.14.52-rt34-halodi1-generic/lib/modules/4.14.52-rt34-halodi1-generic/kernel/drivers/s390/block/xpram.ko
Warning: Could not find /home/jesper/git/halodi/linux-build/linux-rt-devel/debian/linux-image-extra-4.14.52-rt34-halodi1-generic/lib/modules/4.14.52-rt34-halodi1-generic/kernel/drivers/scsi/sd_mod.ko
Warning: Could not find /home/jesper/git/halodi/linux-build/linux-rt-devel/debian/linux-image-extra-4.14.52-rt34-halodi1-generic/lib/modules/4.14.52-rt34-halodi1-generic/kernel/drivers/scsi/sr_mod.ko
Warning: Could not find /home/jesper/git/halodi/linux-build/linux-rt-devel/debian/linux-image-extra-4.14.52-rt34-halodi1-generic/lib/modules/4.14.52-rt34-halodi1-generic/kernel/fs/aufs/aufs.ko
Warning: Could not find /home/jesper/git/halodi/linux-build/linux-rt-devel/debian/linux-image-extra-4.14.52-rt34-halodi1-generic/lib/modules/4.14.52-rt34-halodi1-generic/kernel/fs/nls/nls_cp437.ko
Warning: Could not find /home/jesper/git/halodi/linux-build/linux-rt-devel/debian/linux-image-extra-4.14.52-rt34-halodi1-generic/lib/modules/4.14.52-rt34-halodi1-generic/kernel/ubuntu/vbox/vboxguest/vboxguest.ko
Warning: Could not find /home/jesper/git/halodi/linux-build/linux-rt-devel/debian/linux-image-extra-4.14.52-rt34-halodi1-generic/lib/modules/4.14.52-rt34-halodi1-generic/kernel/ubuntu/vbox/vboxsf/vboxsf.ko
NOTE: pass 1: dependency scan
NOTE: pass 1: arch/x86/kvm/kvm.ko pulls in virt/lib/irqbypass.ko
NOTE: pass 1: drivers/gpu/drm/ast/ast.ko pulls in drivers/i2c/algos/i2c-algo-bit.ko
NOTE: pass 1: drivers/infiniband/ulp/isert/ib_isert.ko pulls in drivers/target/iscsi/iscsi_target_mod.ko
NOTE: pass 1: drivers/mtd/cmdlinepart.ko pulls in drivers/mtd/mtd.ko
NOTE: pass 1: drivers/net/ethernet/broadcom/bnx2x/bnx2x.ko pulls in drivers/net/mdio.ko
NOTE: pass 1: drivers/net/ethernet/intel/igb/igb.ko pulls in drivers/dca/dca.ko
NOTE: pass 1: drivers/net/ethernet/mellanox/mlxsw/mlxsw_spectrum.ko pulls in net/psample/psample.ko
NOTE: pass 1: drivers/net/ipvlan/ipvtap.ko pulls in drivers/net/tap.ko
NOTE: pass 1: drivers/nvme/host/nvme.ko pulls in drivers/nvme/host/nvme-core.ko
NOTE: pass 1: drivers/scsi/lpfc/lpfc.ko pulls in drivers/nvme/target/nvmet-fc.ko
NOTE: pass 1: drivers/scsi/lpfc/lpfc.ko pulls in drivers/nvme/host/nvme-fc.ko
NOTE: pass 1: drivers/usb/host/bcma-hcd.ko pulls in drivers/bcma/bcma.ko
NOTE: pass 1: drivers/usb/host/hwa-hc.ko pulls in drivers/usb/wusbcore/wusb-wa.ko
NOTE: pass 1: drivers/usb/host/hwa-hc.ko pulls in drivers/usb/wusbcore/wusbcore.ko
NOTE: pass 1: drivers/usb/host/hwa-hc.ko pulls in drivers/uwb/uwb.ko
NOTE: pass 1: drivers/usb/host/sl811_cs.ko pulls in drivers/pcmcia/pcmcia.ko
NOTE: pass 1: drivers/usb/host/ssb-hcd.ko pulls in drivers/ssb/ssb.ko
NOTE: pass 1: drivers/usb/host/u132-hcd.ko pulls in drivers/usb/misc/ftdi-elan.ko
NOTE: pass 1: drivers/usb/host/whci/whci-hcd.ko pulls in drivers/uwb/whci.ko
NOTE: pass 1: drivers/usb/host/whci/whci-hcd.ko pulls in drivers/uwb/umc.ko
NOTE: pass 1: drivers/video/fbdev/sm501fb.ko pulls in drivers/mfd/sm501.ko
NOTE: pass 2: dependency scan
NOTE: pass 2: drivers/nvme/target/nvmet-fc.ko pulls in drivers/nvme/target/nvmet.ko
NOTE: pass 2: drivers/nvme/host/nvme-fc.ko pulls in drivers/nvme/host/nvme-fabrics.ko
NOTE: pass 2: drivers/pcmcia/pcmcia.ko pulls in drivers/pcmcia/pcmcia_core.ko
NOTE: pass 3: dependency scan
